2025-06-15 03:06:54,755 - Received 'scan' command from local trigger.
2025-06-15 03:06:54,755 - Sending message to extension: {'command': 'scan_page'}
2025-06-15 03:06:54,769 - Received data from extension: {
  "action": "contextual_scan_result",
  "data": [
    "<div _ngcontent-ng-c3944960185=\"\" style=\"margin-top: 6px;\"><textarea _ngcontent-ng-c3944960185=\"\" placeholder=\"Enter Student Name\" pinputtext=\"\" formcontrolname=\"nssName\" maxlength=\"150\" class=\"p-inputtext p-component p-element form-control ng-untouched ng-pristine ng-invalid\" style=\"height: 43px;\"></textarea></div>",
    "<div _ngcontent-ng-c3944960185=\"\" style=\"margin-top: 6px;\"><input _ngcontent-ng-c3944960185=\"\" type=\"date\" dateformat=\"dd-mm-yy\" pinputtext=\"\" formcontrolname=\"dateofbirth\" class=\"p-inputtext p-component p-element form-control ng-untouched ng-pristine ng-invalid\" style=\"height: 43px;\" max=\"2025-06-15\"></div>",
    "<div _ngcontent-ng-c3944960185=\"\" style=\"margin-top: 5px;\"><input _ngcontent-ng-c3944960185=\"\" type=\"text\" placeholder=\"Enter Phone Number\" pinputtext=\"\" onkeypress=\"return event.charCode &gt;= 48 &amp;&amp; event.charCode &lt;= 57\" formcontrolname=\"phoneNum\" minlength=\"10\" maxlength=\"10\" class=\"p-inputtext p-component p-element form-control ng-untouched ng-pristine ng-invalid\" style=\"height: 43px;\"></div>",
    "<div _ngcontent-ng-c3944960185=\"\" style=\"margin-top: 6px;\"><input _ngcontent-ng-c3944960185=\"\" type=\"email\" placeholder=\"Enter Email\" pinputtext=\"\" formcontrolname=\"email\" maxlength=\"100\" class=\"p-inputtext p-component p-element form-control ng-untouched ng-pristine ng-invalid\" style=\"height: 43px;\"></div>",
    "<div _ngcontent-ng-c3944960185=\"\" style=\"margin-top: 5px;\"><input _ngcontent-ng-c3944960185=\"\" type=\"text\" placeholder=\"Enter Aadhaar Number\" pinputtext=\"\" onkeypress=\"return event.charCode &gt;= 48 &amp;&amp; event.charCode &lt;= 57\" formcontrolname=\"aadharNum\" minlength=\"12\" maxlength=\"12\" class=\"p-inputtext p-component p-element form-control ng-untouched ng-pristine ng-valid\" style=\"height: 43px;\"></div>",
    "<div _ngcontent-ng-c3944960185=\"\"><input _ngcontent-ng-c3944960185=\"\" formcontrolname=\"photo\" type=\"file\" accept=\"image/png, image/JPG, image/jpeg, application/pdf\" class=\"form-control ng-untouched ng-pristine ng-valid\" style=\"height: 43px;\"></div>",
    "<div _ngcontent-ng-c3944960185=\"\" class=\"col-sm-12 col-md-12 col-lg-12 col-xs-12 mb-2 radio\"><input _ngcontent-ng-c3944960185=\"\" type=\"radio\" formcontrolname=\"govt_scl\" id=\"Yes\" name=\"govt_scl\" value=\"1\" class=\"ng-untouched ng-pristine ng-invalid\"><label _ngcontent-ng-c3944960185=\"\" for=\"Yes\">&nbsp;&nbsp;Yes</label>&nbsp;&nbsp; <input _ngcontent-ng-c3944960185=\"\" type=\"radio\" formcontrolname=\"govt_scl\" id=\"No\" name=\"govt_scl\" value=\"2\" class=\"ng-untouched ng-pristine ng-invalid\"><label _ngcontent-ng-c3944960185=\"\" for=\"No\">&nbsp;&nbsp;No</label><br _ngcontent-ng-c3944960185=\"\"><!----></div>",
    "<div _ngcontent-ng-c3944960185=\"\"><input _ngcontent-ng-c3944960185=\"\" type=\"text\" formcontrolname=\"collegeNo\" pinputtext=\"\" autocomplete=\"off\" readonly=\"\" class=\"p-inputtext p-component p-element form-control ng-untouched ng-pristine ng-invalid\" style=\"background-color: rgb(233, 230, 230); height: 43px;\"></div>",
    "<div _ngcontent-ng-c3944960185=\"\"><input _ngcontent-ng-c3944960185=\"\" type=\"text\" formcontrolname=\"hod\" pinputtext=\"\" autocomplete=\"off\" readonly=\"\" class=\"p-inputtext p-component p-element form-control ng-untouched ng-pristine ng-valid\" style=\"background-color: rgb(233, 230, 230); height: 43px;\"></div>",
    "<div _ngcontent-ng-c3944960185=\"\"><input _ngcontent-ng-c3944960185=\"\" placeholder=\"Enter Course\" pinputtext=\"\" formcontrolname=\"cource\" maxlength=\"100\" class=\"p-inputtext p-component p-element form-control ng-untouched ng-pristine ng-invalid\" style=\"height: 43px;\"></div>",
    "<div _ngcontent-ng-c3944960185=\"\"><input _ngcontent-ng-c3944960185=\"\" type=\"text\" placeholder=\"Enter Umis No\" pinputtext=\"\" onkeypress=\"return event.charCode &gt;= 48 &amp;&amp; event.charCode &lt;= 57\" formcontrolname=\"umisNo\" minlength=\"10\" maxlength=\"10\" class=\"p-inputtext p-component p-element form-control ng-untouched ng-pristine ng-valid\" style=\"height: 43px;\"></div>",
    "<div _ngcontent-ng-c3944960185=\"\" style=\"margin-top: 6px;\"><input _ngcontent-ng-c3944960185=\"\" placeholder=\"Enter NSS PO Department\" pinputtext=\"\" maxlength=\"100\" formcontrolname=\"nssPodpmt\" class=\"p-inputtext p-component p-element form-control ng-untouched ng-pristine ng-invalid\" style=\"height: 43px;\"></div>",
    "<div _ngcontent-ng-c3944960185=\"\" style=\"margin-top: 6px;\"><textarea _ngcontent-ng-c3944960185=\"\" placeholder=\"Enter NSS PO Name\" rows=\"4\" cols=\"50\" pinputtext=\"\" maxlength=\"150\" formcontrolname=\"nssPoName\" class=\"p-inputtext p-component p-element form-control ng-untouched ng-pristine ng-invalid\" style=\"height: 43px;\"></textarea></div>",
    "<div _ngcontent-ng-c3944960185=\"\" style=\"margin-top: 6px;\"><input _ngcontent-ng-c3944960185=\"\" type=\"text\" placeholder=\"Enter NSS PO Ph.no\" pinputtext=\"\" onkeypress=\"return event.charCode &gt;= 48 &amp;&amp; event.charCode &lt;= 57\" formcontrolname=\"nssPoPhoneNum\" minlength=\"10\" maxlength=\"10\" class=\"p-inputtext p-component p-element form-control ng-untouched ng-pristine ng-invalid\" style=\"height: 43px;\"></div>"
  ]
}
